04:45:15.172 [DEBUG] [org.gradle.launcher.daemon.bootstrap.DaemonMain] Assuming the daemon was started with following jvm opts: [-XX:+HeapDumpOnOutOfMemoryError, -Xmx1024m, -Dfile.encoding=UTF-8, -Duser.country, -Duser.language=en, -Duser.variant]
04:45:15.762 [INFO] [org.gradle.launcher.daemon.server.Daemon] start() called on daemon - DefaultDaemonContext[uid=a193dadf-fcaf-4c90-ac19-3720a8eadff4,javaHome=/opt/jdk1.8.0_172,daemonRegistryDir=/app/cache/daemon,pid=27,idleTimeout=10800000,daemonOpts=-XX:+HeapDumpOnOutOfMemoryError,-Xmx1024m,-Dfile.encoding=UTF-8,-Duser.country,-Duser.language=en,-Duser.variant]
04:45:15.875 [DEBUG] [org.gradle.internal.remote.internal.inet.InetAddresses] Adding IP addresses for network interface eth0
04:45:15.885 [DEBUG] [org.gradle.internal.remote.internal.inet.InetAddresses] Is this a loopback interface? false
04:45:15.887 [DEBUG] [org.gradle.internal.remote.internal.inet.InetAddresses] Is this a multicast interface? true
04:45:15.894 [DEBUG] [org.gradle.internal.remote.internal.inet.InetAddresses] Adding remote address /172.18.0.5
04:45:15.896 [DEBUG] [org.gradle.internal.remote.internal.inet.InetAddresses] Adding remote multicast interface eth0
04:45:15.900 [DEBUG] [org.gradle.internal.remote.internal.inet.InetAddresses] Adding IP addresses for network interface lo
04:45:15.907 [DEBUG] [org.gradle.internal.remote.internal.inet.InetAddresses] Is this a loopback interface? true
04:45:15.910 [DEBUG] [org.gradle.internal.remote.internal.inet.InetAddresses] Is this a multicast interface? false
04:45:15.913 [DEBUG] [org.gradle.internal.remote.internal.inet.InetAddresses] Adding loopback address /127.0.0.1
04:45:15.924 [DEBUG] [org.gradle.internal.remote.internal.inet.TcpIncomingConnector] Listening on [88c9a451-5c70-49dd-adb9-b149718532a0 port:39077, addresses:[/127.0.0.1]].
04:45:15.965 [DEBUG] [org.gradle.launcher.daemon.server.Daemon] Daemon starting at: Wed May 09 04:45:15 GMT 2018, with address: [88c9a451-5c70-49dd-adb9-b149718532a0 port:39077, addresses:[/127.0.0.1]]
04:45:15.984 [INFO] [org.gradle.launcher.daemon.server.DaemonRegistryUpdater] Advertising the daemon address to the clients: [88c9a451-5c70-49dd-adb9-b149718532a0 port:39077, addresses:[/127.0.0.1]]
04:45:15.991 [DEBUG] [org.gradle.launcher.daemon.server.DaemonRegistryUpdater] Advertised daemon context: DefaultDaemonContext[uid=a193dadf-fcaf-4c90-ac19-3720a8eadff4,javaHome=/opt/jdk1.8.0_172,daemonRegistryDir=/app/cache/daemon,pid=27,idleTimeout=10800000,daemonOpts=-XX:+HeapDumpOnOutOfMemoryError,-Xmx1024m,-Dfile.encoding=UTF-8,-Duser.country,-Duser.language=en,-Duser.variant]
04:45:16.000 [DEBUG] [org.gradle.launcher.daemon.registry.PersistentDaemonRegistry] Storing daemon address: [88c9a451-5c70-49dd-adb9-b149718532a0 port:39077, addresses:[/127.0.0.1]], context: DefaultDaemonContext[uid=a193dadf-fcaf-4c90-ac19-3720a8eadff4,javaHome=/opt/jdk1.8.0_172,daemonRegistryDir=/app/cache/daemon,pid=27,idleTimeout=10800000,daemonOpts=-XX:+HeapDumpOnOutOfMemoryError,-Xmx1024m,-Dfile.encoding=UTF-8,-Duser.country,-Duser.language=en,-Duser.variant]
04:45:16.093 [DEBUG] [org.gradle.cache.internal.DefaultFileLockManager] Waiting to acquire exclusive lock on daemon addresses registry.
04:45:16.117 [DEBUG] [org.gradle.cache.internal.DefaultFileLockManager] Lock acquired on daemon addresses registry.
04:45:16.135 [DEBUG] [org.gradle.cache.internal.DefaultFileLockManager] Releasing lock on daemon addresses registry.
04:45:16.150 [LIFECYCLE] [org.gradle.launcher.daemon.server.Daemon] Daemon server started.
04:45:16.158 [DEBUG] [org.gradle.launcher.daemon.bootstrap.DaemonStartupCommunication] Completed writing the daemon greeting. Closing streams...
04:45:16.194 [DEBUG] [org.gradle.internal.remote.internal.inet.TcpIncomingConnector] Accepted connection from /127.0.0.1:57378 to /127.0.0.1:39077.
04:45:16.208 [DEBUG] [org.gradle.launcher.daemon.server.Daemon] stopOnExpiration() called on daemon
04:45:16.228 [DEBUG] [org.gradle.launcher.daemon.server.Daemon] awaitExpiration() called on daemon
04:45:16.231 [DEBUG] [org.gradle.launcher.daemon.server.DaemonStateCoordinator] daemon is running. Sleeping until state changes.
04:45:16.885 [DEBUG] [org.gradle.launcher.daemon.server.SynchronizedDispatchConnection] thread 14: received class org.gradle.launcher.daemon.protocol.Build
04:45:16.893 [DEBUG] [org.gradle.launcher.daemon.server.DefaultDaemonConnection] thread 14: Received non-IO message from client: Build{id=ed460472-0d7c-46cd-a873-d69c3dc3b052.1, currentDir=/app}
04:45:16.910 [INFO] [org.gradle.launcher.daemon.server.DefaultIncomingConnectionHandler] Received command: Build{id=ed460472-0d7c-46cd-a873-d69c3dc3b052.1, currentDir=/app}.
04:45:16.914 [DEBUG] [org.gradle.launcher.daemon.server.DefaultIncomingConnectionHandler] Starting executing command: Build{id=ed460472-0d7c-46cd-a873-d69c3dc3b052.1, currentDir=/app} with connection: socket connection from /127.0.0.1:39077 to /127.0.0.1:57378.
04:45:16.927 [ERROR] [org.gradle.launcher.daemon.server.DaemonStateCoordinator] Command execution: started DaemonCommandExecution[command = Build{id=ed460472-0d7c-46cd-a873-d69c3dc3b052.1, currentDir=/app}, connection = DefaultDaemonConnection: socket connection from /127.0.0.1:39077 to /127.0.0.1:57378] after 0.0 minutes of idle
04:45:16.932 [INFO] [org.gradle.launcher.daemon.server.DaemonRegistryUpdater] Marking the daemon as busy, address: [88c9a451-5c70-49dd-adb9-b149718532a0 port:39077, addresses:[/127.0.0.1]]
04:45:16.959 [DEBUG] [org.gradle.launcher.daemon.registry.PersistentDaemonRegistry] Marking busy by address: [88c9a451-5c70-49dd-adb9-b149718532a0 port:39077, addresses:[/127.0.0.1]]
04:45:16.990 [DEBUG] [org.gradle.cache.internal.DefaultFileLockManager] Waiting to acquire exclusive lock on daemon addresses registry.
04:45:16.999 [DEBUG] [org.gradle.cache.internal.DefaultFileLockManager] Lock acquired on daemon addresses registry.
04:45:17.033 [DEBUG] [org.gradle.cache.internal.DefaultFileLockManager] Releasing lock on daemon addresses registry.
04:45:17.043 [DEBUG] [org.gradle.launcher.daemon.server.DaemonStateCoordinator] resetting idle timer
04:45:17.056 [DEBUG] [org.gradle.launcher.daemon.server.DaemonStateCoordinator] daemon is running. Sleeping until state changes.
04:45:17.060 [INFO] [org.gradle.launcher.daemon.server.exec.StartBuildOrRespondWithBusy] Daemon is about to start building Build{id=ed460472-0d7c-46cd-a873-d69c3dc3b052.1, currentDir=/app}. Dispatching build started information...
04:45:17.068 [DEBUG] [org.gradle.launcher.daemon.server.SynchronizedDispatchConnection] thread 16: dispatching class org.gradle.launcher.daemon.protocol.BuildStarted
04:45:17.105 [DEBUG] [org.gradle.launcher.daemon.server.exec.EstablishBuildEnvironment] Configuring env variables: {PATH=/usr/local/sbin:/usr/local/bin:/usr/sbin:/usr/bin:/sbin:/bin:/opt/jdk/bin, JAVA_JCE=unlimited, SPRING_PROFILES_ACTIVE=dev, JAVA_HOME=/opt/jdk, OLDPWD=/app, GLIBC_VERSION=2.27-r0, LANG=C.UTF-8, JAVA_VERSION_MAJOR=8, GRADLE_USER_HOME=cache, HOSTNAME=c00004b317d1, GLIBC_REPO=https://github.com/sgerrand/alpine-pkg-glibc, JAVA_VERSION_MINOR=172, PWD=/app, JAVA_PACKAGE=jdk, JAVA_VERSION_BUILD=11, HOME=/root, SHLVL=1}
04:45:17.160 [DEBUG] [org.gradle.launcher.daemon.server.SynchronizedDispatchConnection] thread 14: received class org.gradle.launcher.daemon.protocol.CloseInput
04:45:17.173 [DEBUG] [org.gradle.launcher.daemon.server.DefaultDaemonConnection] thread 14: Received IO message from client: org.gradle.launcher.daemon.protocol.CloseInput@63a801ca
04:45:17.252 [DEBUG] [org.gradle.launcher.daemon.server.exec.LogToClient] About to start relaying all logs to the client via the connection.
04:45:17.255 [INFO] [org.gradle.launcher.daemon.server.exec.LogToClient] The client will now receive all logging from the daemon (pid: 27). The daemon log file: /app/cache/daemon/4.5.1/daemon-27.out.log
04:45:17.267 [INFO] [org.gradle.launcher.daemon.server.exec.LogAndCheckHealth] Starting build in new daemon [memory: 954.7 MB]
04:45:17.284 [INFO] [org.gradle.launcher.daemon.server.exec.ForwardClientInput] Closing daemon's stdin at end of input.
04:45:17.288 [INFO] [org.gradle.launcher.daemon.server.exec.ForwardClientInput] The daemon will no longer process any standard input.
04:45:17.311 [DEBUG] [org.gradle.launcher.daemon.server.exec.ExecuteBuild] The daemon has started executing the build.
04:45:17.336 [DEBUG] [org.gradle.launcher.daemon.server.exec.ExecuteBuild] Executing build with daemon context: DefaultDaemonContext[uid=a193dadf-fcaf-4c90-ac19-3720a8eadff4,javaHome=/opt/jdk1.8.0_172,daemonRegistryDir=/app/cache/daemon,pid=27,idleTimeout=10800000,daemonOpts=-XX:+HeapDumpOnOutOfMemoryError,-Xmx1024m,-Dfile.encoding=UTF-8,-Duser.country,-Duser.language=en,-Duser.variant]
:compileJava
:processResources
:classes
:bootRun
04:46:23.471 [main] DEBUG org.springframework.boot.devtools.settings.DevToolsSettings - Included patterns for restart : []
04:46:23.492 [main] DEBUG org.springframework.boot.devtools.settings.DevToolsSettings - Excluded patterns for restart : [/spring-boot-starter/target/classes/, /spring-boot-autoconfigure/target/classes/, /spring-boot-starter-[\w-]+/, /spring-boot/target/classes/, /spring-boot-actuator/target/classes/, /spring-boot-devtools/target/classes/]
04:46:23.507 [main] DEBUG org.springframework.boot.devtools.restart.ChangeableUrls - Matching URLs for reloading : [file:/app/build/classes/java/main/, file:/app/build/resources/main/]
2018-05-09 04:46:28.261  INFO 65 --- [  restartedMain] s.c.a.AnnotationConfigApplicationContext : Refreshing org.springframework.context.annotation.AnnotationConfigApplicationContext@1ba2fef1: startup date [Wed May 09 04:46:28 GMT 2018]; root of context hierarchy
2018-05-09 04:46:30.875  INFO 65 --- [  restartedMain] f.a.AutowiredAnnotationBeanPostProcessor : JSR-330 'javax.inject.Inject' annotation found and supported for autowiring
2018-05-09 04:46:31.460  INFO 65 --- [  restartedMain] trationDelegate$BeanPostProcessorChecker : Bean 'configurationPropertiesRebinderAutoConfiguration' of type [org.springframework.cloud.autoconfigure.ConfigurationPropertiesRebinderAutoConfiguration$$EnhancerBySpringCGLIB$$676dae70] is not eligible for getting processed by all BeanPostProcessors (for example: not eligible for auto-proxying)

  .   ____          _            __ _ _
 /\\ / ___'_ __ _ _(_)_ __  __ _ \ \ \ \
( ( )\___ | '_ | '_| | '_ \/ _` | \ \ \ \
 \\/  ___)| |_)| | | | | || (_| |  ) ) ) )
  '  |____| .__|_| |_|_| |_\__, | / / / /
 =========|_|==============|___/=/_/_/_/
[32m :: Spring Boot :: [39m      [2m (v1.5.8.RELEASE)[0;39m

[2m2018-05-09 04:46:35.335[0;39m [32m INFO[0;39m [35m65[0;39m [2m---[0;39m [2m[  restartedMain][0;39m [36mc.example.usersapi.UsersApiApplication  [0;39m [2m:[0;39m The following profiles are active: dev
[2m2018-05-09 04:46:35.613[0;39m [32m INFO[0;39m [35m65[0;39m [2m---[0;39m [2m[  restartedMain][0;39m [36mationConfigEmbeddedWebApplicationContext[0;39m [2m:[0;39m Refreshing org.springframework.boot.context.embedded.AnnotationConfigEmbeddedWebApplicationContext@4d1aa1b6: startup date [Wed May 09 04:46:35 GMT 2018]; parent: org.springframework.context.annotation.AnnotationConfigApplicationContext@1ba2fef1
[2m2018-05-09 04:46:44.706[0;39m [32m INFO[0;39m [35m65[0;39m [2m---[0;39m [2m[  restartedMain][0;39m [36mo.s.cloud.context.scope.GenericScope    [0;39m [2m:[0;39m BeanFactory id=23ded8c3-25c5-3a5c-969d-695ec2534a07
[2m2018-05-09 04:46:45.054[0;39m [32m INFO[0;39m [35m65[0;39m [2m---[0;39m [2m[  restartedMain][0;39m [36mf.a.AutowiredAnnotationBeanPostProcessor[0;39m [2m:[0;39m JSR-330 'javax.inject.Inject' annotation found and supported for autowiring
[2m2018-05-09 04:46:45.870[0;39m [32m INFO[0;39m [35m65[0;39m [2m---[0;39m [2m[  restartedMain][0;39m [36mtrationDelegate$BeanPostProcessorChecker[0;39m [2m:[0;39m Bean 'org.springframework.transaction.annotation.ProxyTransactionManagementConfiguration' of type [org.springframework.transaction.annotation.ProxyTransactionManagementConfiguration$$EnhancerBySpringCGLIB$$4b53ab73] is not eligible for getting processed by all BeanPostProcessors (for example: not eligible for auto-proxying)
[2m2018-05-09 04:46:46.118[0;39m [32m INFO[0;39m [35m65[0;39m [2m---[0;39m [2m[  restartedMain][0;39m [36mtrationDelegate$BeanPostProcessorChecker[0;39m [2m:[0;39m Bean 'org.springframework.cloud.autoconfigure.ConfigurationPropertiesRebinderAutoConfiguration' of type [org.springframework.cloud.autoconfigure.ConfigurationPropertiesRebinderAutoConfiguration$$EnhancerBySpringCGLIB$$676dae70] is not eligible for getting processed by all BeanPostProcessors (for example: not eligible for auto-proxying)
[2m2018-05-09 04:46:49.828[0;39m [32m INFO[0;39m [35m65[0;39m [2m---[0;39m [2m[  restartedMain][0;39m [36ms.b.c.e.t.TomcatEmbeddedServletContainer[0;39m [2m:[0;39m Tomcat initialized with port(s): 8081 (http)
[2m2018-05-09 04:46:49.909[0;39m [32m INFO[0;39m [35m65[0;39m [2m---[0;39m [2m[  restartedMain][0;39m [36mo.apache.catalina.core.StandardService  [0;39m [2m:[0;39m Starting service [Tomcat]
[2m2018-05-09 04:46:49.916[0;39m [32m INFO[0;39m [35m65[0;39m [2m---[0;39m [2m[  restartedMain][0;39m [36morg.apache.catalina.core.StandardEngine [0;39m [2m:[0;39m Starting Servlet Engine: Apache Tomcat/8.5.23
[2m2018-05-09 04:46:51.574[0;39m [32m INFO[0;39m [35m65[0;39m [2m---[0;39m [2m[ost-startStop-1][0;39m [36mo.a.c.c.C.[Tomcat].[localhost].[/]      [0;39m [2m:[0;39m Initializing Spring embedded WebApplicationContext
[2m2018-05-09 04:46:51.575[0;39m [32m INFO[0;39m [35m65[0;39m [2m---[0;39m [2m[ost-startStop-1][0;39m [36mo.s.web.context.ContextLoader           [0;39m [2m:[0;39m Root WebApplicationContext: initialization completed in 15962 ms
[2m2018-05-09 04:46:53.182[0;39m [32m INFO[0;39m [35m65[0;39m [2m---[0;39m [2m[ost-startStop-1][0;39m [36mo.s.b.w.servlet.ServletRegistrationBean [0;39m [2m:[0;39m Mapping servlet: 'dispatcherServlet' to [/]
[2m2018-05-09 04:46:53.228[0;39m [32m INFO[0;39m [35m65[0;39m [2m---[0;39m [2m[ost-startStop-1][0;39m [36mo.s.b.w.servlet.FilterRegistrationBean  [0;39m [2m:[0;39m Mapping filter: 'characterEncodingFilter' to: [/*]
[2m2018-05-09 04:46:53.241[0;39m [32m INFO[0;39m [35m65[0;39m [2m---[0;39m [2m[ost-startStop-1][0;39m [36mo.s.b.w.servlet.FilterRegistrationBean  [0;39m [2m:[0;39m Mapping filter: 'hiddenHttpMethodFilter' to: [/*]
[2m2018-05-09 04:46:53.242[0;39m [32m INFO[0;39m [35m65[0;39m [2m---[0;39m [2m[ost-startStop-1][0;39m [36mo.s.b.w.servlet.FilterRegistrationBean  [0;39m [2m:[0;39m Mapping filter: 'httpPutFormContentFilter' to: [/*]
[2m2018-05-09 04:46:53.261[0;39m [32m INFO[0;39m [35m65[0;39m [2m---[0;39m [2m[ost-startStop-1][0;39m [36mo.s.b.w.servlet.FilterRegistrationBean  [0;39m [2m:[0;39m Mapping filter: 'requestContextFilter' to: [/*]
[2m2018-05-09 04:46:54.712[0;39m [32m INFO[0;39m [35m65[0;39m [2m---[0;39m [2m[  restartedMain][0;39m [36mo.f.core.internal.util.VersionPrinter   [0;39m [2m:[0;39m Flyway 3.2.1 by Boxfuse
[2m2018-05-09 04:46:55.213[0;39m [32m INFO[0;39m [35m65[0;39m [2m---[0;39m [2m[  restartedMain][0;39m [36mo.f.c.i.dbsupport.DbSupportFactory      [0;39m [2m:[0;39m Database: jdbc:postgresql://postgresdev:5432/pgdev (PostgreSQL 10.3)
[2m2018-05-09 04:46:55.445[0;39m [33m WARN[0;39m [35m65[0;39m [2m---[0;39m [2m[  restartedMain][0;39m [36mationConfigEmbeddedWebApplicationContext[0;39m [2m:[0;39m Exception encountered during context initialization - cancelling refresh attempt: org.springframework.beans.factory.BeanCreationException: Error creating bean with name 'flywayInitializer' defined in class path resource [org/springframework/boot/autoconfigure/flyway/FlywayAutoConfiguration$FlywayConfiguration.class]: Invocation of init method failed; nested exception is org.flywaydb.core.api.FlywayException: Error while retrieving the list of applied migrations from metadata table "public"."schema_version"
[2m2018-05-09 04:46:55.450[0;39m [32m INFO[0;39m [35m65[0;39m [2m---[0;39m [2m[  restartedMain][0;39m [36mo.apache.catalina.core.StandardService  [0;39m [2m:[0;39m Stopping service [Tomcat]
[2m2018-05-09 04:46:55.536[0;39m [32m INFO[0;39m [35m65[0;39m [2m---[0;39m [2m[  restartedMain][0;39m [36mutoConfigurationReportLoggingInitializer[0;39m [2m:[0;39m 

Error starting ApplicationContext. To display the auto-configuration report re-run your application with 'debug' enabled.
[2m2018-05-09 04:46:55.616[0;39m [31mERROR[0;39m [35m65[0;39m [2m---[0;39m [2m[  restartedMain][0;39m [36mo.s.boot.SpringApplication              [0;39m [2m:[0;39m Application startup failed

org.springframework.beans.factory.BeanCreationException: Error creating bean with name 'flywayInitializer' defined in class path resource [org/springframework/boot/autoconfigure/flyway/FlywayAutoConfiguration$FlywayConfiguration.class]: Invocation of init method failed; nested exception is org.flywaydb.core.api.FlywayException: Error while retrieving the list of applied migrations from metadata table "public"."schema_version"
	at org.springframework.beans.factory.support.AbstractAutowireCapableBeanFactory.initializeBean(AbstractAutowireCapableBeanFactory.java:1628) ~[spring-beans-4.3.12.RELEASE.jar:4.3.12.RELEASE]
	at org.springframework.beans.factory.support.AbstractAutowireCapableBeanFactory.doCreateBean(AbstractAutowireCapableBeanFactory.java:555) ~[spring-beans-4.3.12.RELEASE.jar:4.3.12.RELEASE]
	at org.springframework.beans.factory.support.AbstractAutowireCapableBeanFactory.createBean(AbstractAutowireCapableBeanFactory.java:483) ~[spring-beans-4.3.12.RELEASE.jar:4.3.12.RELEASE]
	at org.springframework.beans.factory.support.AbstractBeanFactory$1.getObject(AbstractBeanFactory.java:306) ~[spring-beans-4.3.12.RELEASE.jar:4.3.12.RELEASE]
	at org.springframework.beans.factory.support.DefaultSingletonBeanRegistry.getSingleton(DefaultSingletonBeanRegistry.java:230) ~[spring-beans-4.3.12.RELEASE.jar:4.3.12.RELEASE]
	at org.springframework.beans.factory.support.AbstractBeanFactory.doGetBean(AbstractBeanFactory.java:302) ~[spring-beans-4.3.12.RELEASE.jar:4.3.12.RELEASE]
	at org.springframework.beans.factory.support.AbstractBeanFactory.getBean(AbstractBeanFactory.java:197) ~[spring-beans-4.3.12.RELEASE.jar:4.3.12.RELEASE]
	at org.springframework.beans.factory.support.AbstractBeanFactory.doGetBean(AbstractBeanFactory.java:296) ~[spring-beans-4.3.12.RELEASE.jar:4.3.12.RELEASE]
	at org.springframework.beans.factory.support.AbstractBeanFactory.getBean(AbstractBeanFactory.java:197) ~[spring-beans-4.3.12.RELEASE.jar:4.3.12.RELEASE]
	at org.springframework.context.support.AbstractApplicationContext.getBean(AbstractApplicationContext.java:1078) ~[spring-context-4.3.12.RELEASE.jar:4.3.12.RELEASE]
	at org.springframework.context.support.AbstractApplicationContext.finishBeanFactoryInitialization(AbstractApplicationContext.java:857) ~[spring-context-4.3.12.RELEASE.jar:4.3.12.RELEASE]
	at org.springframework.context.support.AbstractApplicationContext.refresh(AbstractApplicationContext.java:543) ~[spring-context-4.3.12.RELEASE.jar:4.3.12.RELEASE]
	at org.springframework.boot.context.embedded.EmbeddedWebApplicationContext.refresh(EmbeddedWebApplicationContext.java:122) ~[spring-boot-1.5.8.RELEASE.jar:1.5.8.RELEASE]
	at org.springframework.boot.SpringApplication.refresh(SpringApplication.java:693) [spring-boot-1.5.8.RELEASE.jar:1.5.8.RELEASE]
	at org.springframework.boot.SpringApplication.refreshContext(SpringApplication.java:360) [spring-boot-1.5.8.RELEASE.jar:1.5.8.RELEASE]
	at org.springframework.boot.SpringApplication.run(SpringApplication.java:303) [spring-boot-1.5.8.RELEASE.jar:1.5.8.RELEASE]
	at org.springframework.boot.SpringApplication.run(SpringApplication.java:1118) [spring-boot-1.5.8.RELEASE.jar:1.5.8.RELEASE]
	at org.springframework.boot.SpringApplication.run(SpringApplication.java:1107) [spring-boot-1.5.8.RELEASE.jar:1.5.8.RELEASE]
	at com.example.usersapi.UsersApiApplication.main(UsersApiApplication.java:20) [main/:na]
	at sun.reflect.NativeMethodAccessorImpl.invoke0(Native Method) ~[na:1.8.0_172]
	at sun.reflect.NativeMethodAccessorImpl.invoke(NativeMethodAccessorImpl.java:62) ~[na:1.8.0_172]
	at sun.reflect.DelegatingMethodAccessorImpl.invoke(DelegatingMethodAccessorImpl.java:43) ~[na:1.8.0_172]
	at java.lang.reflect.Method.invoke(Method.java:498) ~[na:1.8.0_172]
	at org.springframework.boot.devtools.restart.RestartLauncher.run(RestartLauncher.java:49) [spring-boot-devtools-1.5.8.RELEASE.jar:1.5.8.RELEASE]
Caused by: org.flywaydb.core.api.FlywayException: Error while retrieving the list of applied migrations from metadata table "public"."schema_version"
	at org.flywaydb.core.internal.metadatatable.MetaDataTableImpl.findAppliedMigrations(MetaDataTableImpl.java:248) ~[flyway-core-3.2.1.jar:na]
	at org.flywaydb.core.internal.metadatatable.MetaDataTableImpl.allAppliedMigrations(MetaDataTableImpl.java:182) ~[flyway-core-3.2.1.jar:na]
	at org.flywaydb.core.internal.info.MigrationInfoServiceImpl.refresh(MigrationInfoServiceImpl.java:97) ~[flyway-core-3.2.1.jar:na]
	at org.flywaydb.core.internal.command.DbValidate$2.doInTransaction(DbValidate.java:136) ~[flyway-core-3.2.1.jar:na]
	at org.flywaydb.core.internal.command.DbValidate$2.doInTransaction(DbValidate.java:131) ~[flyway-core-3.2.1.jar:na]
	at org.flywaydb.core.internal.util.jdbc.TransactionTemplate.execute(TransactionTemplate.java:72) ~[flyway-core-3.2.1.jar:na]
	at org.flywaydb.core.internal.command.DbValidate.validate(DbValidate.java:131) ~[flyway-core-3.2.1.jar:na]
	at org.flywaydb.core.Flyway.doValidate(Flyway.java:1102) ~[flyway-core-3.2.1.jar:na]
	at org.flywaydb.core.Flyway.access$300(Flyway.java:62) ~[flyway-core-3.2.1.jar:na]
	at org.flywaydb.core.Flyway$1.execute(Flyway.java:1012) ~[flyway-core-3.2.1.jar:na]
	at org.flywaydb.core.Flyway$1.execute(Flyway.java:1006) ~[flyway-core-3.2.1.jar:na]
	at org.flywaydb.core.Flyway.execute(Flyway.java:1418) ~[flyway-core-3.2.1.jar:na]
	at org.flywaydb.core.Flyway.migrate(Flyway.java:1006) ~[flyway-core-3.2.1.jar:na]
	at org.springframework.boot.autoconfigure.flyway.FlywayMigrationInitializer.afterPropertiesSet(FlywayMigrationInitializer.java:66) ~[spring-boot-autoconfigure-1.5.8.RELEASE.jar:1.5.8.RELEASE]
	at org.springframework.beans.factory.support.AbstractAutowireCapableBeanFactory.invokeInitMethods(AbstractAutowireCapableBeanFactory.java:1687) ~[spring-beans-4.3.12.RELEASE.jar:4.3.12.RELEASE]
	at org.springframework.beans.factory.support.AbstractAutowireCapableBeanFactory.initializeBean(AbstractAutowireCapableBeanFactory.java:1624) ~[spring-beans-4.3.12.RELEASE.jar:4.3.12.RELEASE]
	... 23 common frames omitted
Caused by: org.postgresql.util.PSQLException: ERROR: column "version_rank" does not exist
  Position: 8
	at org.postgresql.core.v3.QueryExecutorImpl.receiveErrorResponse(QueryExecutorImpl.java:2455) ~[postgresql-9.4.1212.jre7.jar:9.4.1212.jre7]
	at org.postgresql.core.v3.QueryExecutorImpl.processResults(QueryExecutorImpl.java:2155) ~[postgresql-9.4.1212.jre7.jar:9.4.1212.jre7]
	at org.postgresql.core.v3.QueryExecutorImpl.execute(QueryExecutorImpl.java:288) ~[postgresql-9.4.1212.jre7.jar:9.4.1212.jre7]
	at org.postgresql.jdbc.PgStatement.executeInternal(PgStatement.java:430) ~[postgresql-9.4.1212.jre7.jar:9.4.1212.jre7]
	at org.postgresql.jdbc.PgStatement.execute(PgStatement.java:356) ~[postgresql-9.4.1212.jre7.jar:9.4.1212.jre7]
	at org.postgresql.jdbc.PgStatement.executeWithFlags(PgStatement.java:303) ~[postgresql-9.4.1212.jre7.jar:9.4.1212.jre7]
	at org.postgresql.jdbc.PgStatement.executeCachedSql(PgStatement.java:289) ~[postgresql-9.4.1212.jre7.jar:9.4.1212.jre7]
	at org.postgresql.jdbc.PgStatement.executeWithFlags(PgStatement.java:266) ~[postgresql-9.4.1212.jre7.jar:9.4.1212.jre7]
	at org.postgresql.jdbc.PgStatement.executeQuery(PgStatement.java:233) ~[postgresql-9.4.1212.jre7.jar:9.4.1212.jre7]
	at sun.reflect.NativeMethodAccessorImpl.invoke0(Native Method) ~[na:1.8.0_172]
	at sun.reflect.NativeMethodAccessorImpl.invoke(NativeMethodAccessorImpl.java:62) ~[na:1.8.0_172]
	at sun.reflect.DelegatingMethodAccessorImpl.invoke(DelegatingMethodAccessorImpl.java:43) ~[na:1.8.0_172]
	at java.lang.reflect.Method.invoke(Method.java:498) ~[na:1.8.0_172]
	at org.apache.tomcat.jdbc.pool.StatementFacade$StatementProxy.invoke(StatementFacade.java:114) ~[tomcat-jdbc-8.5.23.jar:na]
	at com.sun.proxy.$Proxy84.executeQuery(Unknown Source) ~[na:na]
	at org.flywaydb.core.internal.dbsupport.JdbcTemplate.query(JdbcTemplate.java:317) ~[flyway-core-3.2.1.jar:na]
	at org.flywaydb.core.internal.metadatatable.MetaDataTableImpl.findAppliedMigrations(MetaDataTableImpl.java:225) ~[flyway-core-3.2.1.jar:na]
	... 38 common frames omitted


BUILD SUCCESSFUL in 1m 54s
3 actionable tasks: 3 executed
04:46:56.059 [DEBUG] [org.gradle.launcher.daemon.server.exec.ExecuteBuild] The daemon has finished executing the build.
04:46:56.073 [DEBUG] [org.gradle.launcher.daemon.server.DaemonStateCoordinator] daemon is running. Sleeping until state changes.
04:46:56.078 [DEBUG] [org.gradle.launcher.daemon.server.DaemonStateCoordinator] Command execution: finished waiting for DaemonCommandExecution[command = Build{id=ed460472-0d7c-46cd-a873-d69c3dc3b052.1, currentDir=/app}, connection = DefaultDaemonConnection: socket connection from /127.0.0.1:39077 to /127.0.0.1:57378]. Result org.gradle.launcher.daemon.server.DaemonStateCoordinator@fc46214 with state Busy
04:46:56.081 [DEBUG] [org.gradle.launcher.daemon.server.DaemonStateCoordinator] Command execution: completed DaemonCommandExecution[command = Build{id=ed460472-0d7c-46cd-a873-d69c3dc3b052.1, currentDir=/app}, connection = DefaultDaemonConnection: socket connection from /127.0.0.1:39077 to /127.0.0.1:57378]
04:46:56.084 [DEBUG] [org.gradle.launcher.daemon.server.DaemonStateCoordinator] resetting idle timer
04:46:56.086 [INFO] [org.gradle.launcher.daemon.server.DaemonRegistryUpdater] Marking the daemon as idle, address: [88c9a451-5c70-49dd-adb9-b149718532a0 port:39077, addresses:[/127.0.0.1]]
04:46:56.089 [DEBUG] [org.gradle.launcher.daemon.registry.PersistentDaemonRegistry] Marking busy by address: [88c9a451-5c70-49dd-adb9-b149718532a0 port:39077, addresses:[/127.0.0.1]]
04:46:56.094 [DEBUG] [org.gradle.cache.internal.DefaultFileLockManager] Waiting to acquire exclusive lock on daemon addresses registry.
04:46:56.097 [DEBUG] [org.gradle.cache.internal.DefaultFileLockManager] Lock acquired on daemon addresses registry.
04:46:56.103 [DEBUG] [org.gradle.cache.internal.DefaultFileLockManager] Releasing lock on daemon addresses registry.
04:46:56.106 [DEBUG] [org.gradle.launcher.daemon.server.DaemonStateCoordinator] daemon is running. Sleeping until state changes.
04:46:56.108 [DEBUG] [org.gradle.launcher.daemon.server.exec.ReturnResult] Daemon is dispatching the build result: Success[value=null]
04:46:56.111 [DEBUG] [org.gradle.launcher.daemon.server.SynchronizedDispatchConnection] thread 13: dispatching class org.gradle.launcher.daemon.protocol.Success
04:46:56.129 [DEBUG] [org.gradle.launcher.daemon.server.SynchronizedDispatchConnection] thread 14: received class org.gradle.launcher.daemon.protocol.Finished
04:46:56.137 [DEBUG] [org.gradle.launcher.daemon.server.DefaultDaemonConnection] thread 14: Received non-IO message from client: org.gradle.launcher.daemon.protocol.Finished@78dd04be
04:46:56.144 [DEBUG] [org.gradle.internal.remote.internal.inet.SocketConnection] Discarding EOFException: java.io.EOFException
04:46:56.134 [DEBUG] [org.gradle.launcher.daemon.server.DefaultIncomingConnectionHandler] Finishing executing command: Build{id=ed460472-0d7c-46cd-a873-d69c3dc3b052.1, currentDir=/app}
04:46:56.156 [DEBUG] [org.gradle.launcher.daemon.server.DefaultIncomingConnectionHandler] Received finished message: org.gradle.launcher.daemon.protocol.Finished@78dd04be
04:46:56.158 [DEBUG] [org.gradle.launcher.daemon.server.SynchronizedDispatchConnection] thread 13: stopping connection
04:46:56.154 [DEBUG] [org.gradle.launcher.daemon.server.SynchronizedDispatchConnection] thread 14: received null
04:46:56.171 [DEBUG] [org.gradle.launcher.daemon.server.DefaultDaemonConnection] thread 14: Received end-of-input from client.
04:46:56.176 [DEBUG] [org.gradle.launcher.daemon.server.SynchronizedDispatchConnection] thread 13: stopping connection
04:46:56.221 [DEBUG] [org.gradle.launcher.daemon.server.Daemon] DaemonExpirationPeriodicCheck running
04:46:56.241 [DEBUG] [org.gradle.cache.internal.DefaultFileLockManager] Waiting to acquire shared lock on daemon addresses registry.
04:46:56.244 [DEBUG] [org.gradle.cache.internal.DefaultFileLockManager] Lock acquired on daemon addresses registry.
04:46:56.247 [DEBUG] [org.gradle.cache.internal.DefaultFileLockManager] Releasing lock on daemon addresses registry.
04:46:56.252 [DEBUG] [org.gradle.cache.internal.DefaultFileLockManager] Waiting to acquire shared lock on daemon addresses registry.
04:46:56.254 [DEBUG] [org.gradle.cache.internal.DefaultFileLockManager] Lock acquired on daemon addresses registry.
04:46:56.259 [DEBUG] [org.gradle.cache.internal.DefaultFileLockManager] Releasing lock on daemon addresses registry.
